gftxckydraw/build/outputs/logs/manifest-merger-debug-report.txt
-- Merging decision tree log ---
manifest
ADDED from src/main/AndroidManifest.xml:2:1-48:12
INJECTED from src/main/AndroidManifest.xml:2:1-48:12
INJECTED from src/main/AndroidManifest.xml:2:1-48:12
INJECTED from src/main/AndroidManifest.xml:2:1-48:12
INJECTED from src/main/AndroidManifest.xml:2:1-48:12
INJECTED from src/main/AndroidManifest.xml:2:1-48:12
INJECTED from src/main/AndroidManifest.xml:2:1-48:12
	package
		ADDED from src/main/AndroidManifest.xml:3:5-31
		INJECTED from src/main/AndroidManifest.xml
		INJECTED from src/main/AndroidManifest.xml
	android:versionName
		ADDED from src/main/AndroidManifest.xml:5:5-30
		INJECTED from src/main/AndroidManifest.xml
		INJECTED from src/main/AndroidManifest.xml
	xmlns:android
		ADDED from src/main/AndroidManifest.xml:2:11-69
	android:versionCode
		ADDED from src/main/AndroidManifest.xml:4:5-28
		INJECTED from src/main/AndroidManifest.xml
		INJECTED from src/main/AndroidManifest.xml
uses-sdk
ADDED from src/main/AndroidManifest.xml:7:5-9:41
INJECTED from src/main/AndroidManifest.xml:7:5-9:41
INJECTED from src/main/AndroidManifest.xml:7:5-9:41
INJECTED from src/main/AndroidManifest.xml:7:5-9:41
INJECTED from src/main/AndroidManifest.xml:7:5-9:41
	android:targetSdkVersion
		ADDED from src/main/AndroidManifest.xml:9:9-38
		INJECTED from src/main/AndroidManifest.xml
		INJECTED from src/main/AndroidManifest.xml
	android:minSdkVersion
		ADDED from src/main/AndroidManifest.xml:8:9-35
		INJECTED from src/main/AndroidManifest.xml
		INJECTED from src/main/AndroidManifest.xml
uses-permission#android.permission.WRITE_EXTERNAL_STORAGE
ADDED from src/main/AndroidManifest.xml:10:2-77
	android:name
		ADDED from src/main/AndroidManifest.xml:10:19-75
application
ADDED from src/main/AndroidManifest.xml:11:5-46:19
	android:allowBackup
		ADDED from src/main/AndroidManifest.xml:12:9-35
activity#com.gftxcky.draw.SelModeActivity
ADDED from src/main/AndroidManifest.xml:16:9-24:20
	android:screenOrientation
		ADDED from src/main/AndroidManifest.xml:18:13-50
	android:label
		ADDED from src/main/AndroidManifest.xml:19:13-45
	android:name
		ADDED from src/main/AndroidManifest.xml:17:13-60
intent-filter#android.intent.action.MAIN
ADDED from src/main/AndroidManifest.xml:20:13-23:29
action#android.intent.action.MAIN
ADDED from src/main/AndroidManifest.xml:21:17-69
	android:name
		ADDED from src/main/AndroidManifest.xml:21:25-66
activity#com.gftxcky.draw.NormalModeActivity
ADDED from src/main/AndroidManifest.xml:25:10-31:20
	android:screenOrientation
		ADDED from src/main/AndroidManifest.xml:27:13-50
	android:name
		ADDED from src/main/AndroidManifest.xml:26:13-63
intent-filter#com.gft.xcky.draw.normalmode
ADDED from src/main/AndroidManifest.xml:28:13-30:29
action#com.gft.xcky.draw.normalmode
ADDED from src/main/AndroidManifest.xml:29:17-70
	android:name
		ADDED from src/main/AndroidManifest.xml:29:25-68
activity#com.gftxcky.draw.ExperModeActivity
ADDED from src/main/AndroidManifest.xml:32:14-38:20
	android:screenOrientation
		ADDED from src/main/AndroidManifest.xml:34:13-50
	android:name
		ADDED from src/main/AndroidManifest.xml:33:13-62
intent-filter#com.gft.xcky.draw.expermode
ADDED from src/main/AndroidManifest.xml:35:13-37:29
action#com.gft.xcky.draw.expermode
ADDED from src/main/AndroidManifest.xml:36:17-69
	android:name
		ADDED from src/main/AndroidManifest.xml:36:25-67
activity#com.gftxcky.draw.ShowBitMapActivity
ADDED from src/main/AndroidManifest.xml:39:13-45:20
	android:screenOrientation
		ADDED from src/main/AndroidManifest.xml:41:13-50
	android:name
		ADDED from src/main/AndroidManifest.xml:40:13-63
intent-filter#com.gft.xcky.draw.showbitmap
ADDED from src/main/AndroidManifest.xml:42:13-44:29
action#com.gft.xcky.draw.showbitmap
ADDED from src/main/AndroidManifest.xml:43:17-70
	android:name
		ADDED from src/main/AndroidManifest.xml:43:25-68